<size=45><color=#00FF00>----------[ Spanish Club v2.2]----------</color></size>

<color=#81ff33>CINE UPDATE</color>

<size=35><color=#FF8D00>Nuevo Cinema: </color></size> Se quito el Avatar Shop y se coloco en su lugar un cine pequeño con algunas peliculas y series anime, es como una pequeña muestra de lo que presentaremos en algunos dias mas.
<size=35><color=#FF8D00>Arreglado Bug visual de las camaras polaroid: </color></size> Se arreglo el problema de las camaras polaroid que desaparecian cuando se alejaban.
<size=35><color=#FF8D00>Respawn de Pickups: </color></size> Se creo un script nuevo para el respawn de pickups. 
<size=35><color=#FF8D00>Bug visual de Dakimakura#19: </color></size> Se arreglo un pequeño bug visual de la dakimakura#19.

<color=#7E7E7E>- Notas del creador -
ATENCION FANATICOS DEL ANIME, como pueden ver hemos abierto un mini cine con animes en el spanish club, pronto estaremos aperturando un mundo nuevo exclusivo para visualizar peliculas, series y anime, atentos a las noticias y novedades.
Updated: 06/05/2024
<color=#00FF00>------------------------------------------</color>

<size=45><color=#00FF00>----------[ Spanish Club v2.11]----------</color></size>

<color=#81ff33>USAGIVR - UPDATE </color>

<size=35><color=#FF8D00>La casita del Full Body Tracking: </color></size> Se a añadido la casita del full body tracking de UsagiVr en donde encontraras video players, espejo, punching bags y cosas relacionadas al mundo del full body.
<size=35><color=#FF8D00>Se actualizo/Añadieron sonidos VIP</color></size> Se añadieron sonidos de los nuevos VIPs, bienvenidos.
<size=35><color=#FF8D00>No pickup respawn Temporal</color></size> Se desactivo TEMPORALMENTE el respawn de los pickups, para probar y mejorar el rendimiento en general.

<color=#7E7E7E>- Notas del creador -
ATENCION FANATICOS DEL ANIME!!! Pronto abriremos nuevo mundo con servicios exclusivos! atentos a las novedades.
Updated: 30/04/2024
<color=#00FF00>------------------------------------------</color>

<size=45><color=#00FF00>----------[ Spanish Club v2.10]----------</color></size>

<color=#81ff33>PATATA Update 2 </color>

<size=35><color=#FF8D00>Modo ULTRA Patata: </color></size> Se a mejorado y añadido funciones al modo PATATA, Ahora hay 3 opciones, Modo Patata, Mega patata y Ultra Patata. Estas opciones traen ahora una advertencia y notas adicionales antes de activarlo, recordar que el cambio es permanente e irreversible hasta que hagas rejoin.

<color=#7E7E7E>- Notas del creador -
Todos quedan invitados a unirse al nuevo Spanish Club: LITE un mundo pensado para ti!

Updated: 15/04/2024
<color=#00FF00>------------------------------------------</color>

<size=45><color=#00FF00>----------[ Spanish Club v2.9]----------</color></size>

<color=#81ff33>PATATA Update </color>

<size=35><color=#FF8D00>Modo Patata: </color></size>Se añadio el boton "MODO PATATA" Y "MEGA PATATA" para aquellos que deseen vivir mas FPS, pero atencion. estos botones no son toggles, el efecto es permanente y solo un rejoin puede volver a su estado anterior. Proximamente se añadira la opcion ULTRA PATATA.

<color=#7E7E7E>- Notas del creador -
LAMENTO que spanish club tenga problemas de FPS, se ah creado un mundo especial para que no haya problemas de rendimiento, un spanish club limpio. Se les invita a todos participar de este nuevo mundo.
<color=#00FF00>------------------------------------------</color>

<size=45><color=#00FF00>----------[ Spanish Club v2.8]----------</color></size>

<color=#81ff33>BUILDINGS Update 3</color>

<size=35><color=#FF8D00>Retirada de Nines Comunity: </color></size>Nuestros patrocinadores Nines comunity se retiran de spanish club, pero quedaran en nuestros corazones. 
<size=35><color=#FF8D00>Bar Trapito: </color></size>El Bar trapito se abrio, aun es una version temprana pero proximamente se añadiran mas cosas.
<size=35><color=#FF8D00>Rework de la mini isla: </color></size>Se mejoro la zona de JavierAlucin
<size=35><color=#FF8D00>Se añadio Carteles para los Partners: </color></size>Se añadieron carteles exclusivos para que los Partners puedan estar presentes con su foto en el spanish club.


<color=#7E7E7E>- Notas del creador -
Se esta trabajando en el rework de algunas zonas y se trabaja en la mejora del rendimiento del mundo, la proxima actualizacion sera hasta dentro de 1 semana.
Updated: 05/04/2024
<color=#00FF00>------------------------------------------</color>

<size=45><color=#00FF00>----------[ Spanish Club v2.7]----------</color></size>

<color=#81ff33>BUILDINGS Update 2</color>

<size=35><color=#FF8D00>Edificio nuevo: </color></size>El regreso del bar trapito a spanish club, se añadió el edificio donde pronto estará el bar trapito.
<size=35><color=#FF8D00>Pickups disabled: </color></size>Se an desabilitado los pickups por defecto para ayudar a la optimizacion del mundo, pueden activarlo desde el menú principal del Spanish club ubicado en el spawn


<color=#7E7E7E>- Notas del creador -
En general se está modificando visualmente el mundo, se está optimizando alaximo posible para una mejor experiencia. 
Updated: 02/04/2024
<color=#00FF00>------------------------------------------</color>

<size=45><color=#00FF00>----------[ Spanish Club v2.6]----------</color></size>

<color=#81ff33>BUILDINGS UPDATE</color>

<size=35><color=#FF8D00>Edificio nuevo: </color></size>Se añadio un edificio nuevo en construccion gracias a Shirou.
<size=35><color=#FF8D00>Zona lunar: </color></size>Se construyo el interior de una zona nueva en la luna, gracias a xddddd
<size=35><color=#FF8D00>Isla acercada: </color></size>La isla de cortina se movio mas cerca, ahora le pertenecera a ALUCIN, se esta realizando preparativos para reemplazar esa zona para que sea zona de el.

<color=#7E7E7E>- Notas del creador -
En general se estan añadiendo zonas nuevas, aun sigue en construccion y en preparativos, proximamente volvera el club trapito en la isla de Taylor_20, pronto habran zonas nuevas e interactivas, eventos y mas.
Updated: 27/03/2024
<color=#00FF00>------------------------------------------</color>

<size=45><color=#00FF00>----------[ Spanish Club v2.5]----------</color></size>

<color=#81ff33>FPS Update!!!</color>

<size=35><color=#FF8D00>Nuevas Zonas: </color></size>Se han añadido zonas nuevas al spanish club gracias a Majestick12.
<size=35><color=#FF8D00>Luna Nueva: </color></size>Se removio la luna, se puso una luna plana y se puso superficie lunar en otro lugar mas alejado.
<size=35><color=#FF8D00>Otros: </color></size>Se actualizaron las UV de algunas texturas y se actualizaron roles.

<color=#7E7E7E>- Notas del creador -
Best Update ever!
Updated: 20/03/2024
<color=#00FF00>------------------------------------------</color>

<size=45><color=#00FF00>----------[ Spanish Club v2.4]----------</color></size>

<color=#81ff33>FPS Update!!!</color>

<size=35><color=#FF8D00>Separación y aislamiento de zonas: </color></size>Se han dividido y aislado todas las áreas para mejorar el rendimiento y la funcionalidad del mundo. Los interiores de los edificios también han sido aislados para optimizar el rendimiento.
<size=35><color=#FF8D00>Mejora del código de scripts: </color></size>Se han realizado cambios menores en el código de algunos scripts para mejorar su funcionamiento.
<size=35><color=#FF8D00>Corrección del UV del dirigible: </color></size>Se ha corregido el mapeo UV del dirigible, lo que ha eliminado la apariencia distorsionada que presentaba anteriormente.
<size=35><color=#FF8D00>Añadida opción de insignias personalizables: </color></size>Se ha implementado la opción de adquirir insignias personalizables, las cuales pueden ser compradas a un precio asequible a través de Patreon.

<color=#7E7E7E>- Notas del creador -
Eh mejorado el spanish club para que valla mucho mejor en rendimiento ya que eh notado que los fps han bajado significativamente, las zonas han sido separadas para que corra mucho mejor el juego, espero sea de su agrado.
Updated: 14/03/2024
<color=#00FF00>------------------------------------------</color>

<size=45><color=#00FF00>----------[ Spanish Club v2.3]----------</color></size>

<size=35><color=#FF8D00> Global Messages:</color></size>Se a creado sistema de anuncios globales en spanish club, este sistema ayudara a la administracion a mandar mensajes a todas las instancias.

<color=#7E7E7E>- Notas del creador -
Eh creado este sistema de mensajes globales para cualquier situacion importante en spanish club, se pueden mandar saludos, feliz cumpleaños, anuncios de publicidad, contacten por discord al staff para coordinarlo.
Updated: 05/03/2024
<color=#00FF00>------------------------------------------</color>

<size=45><color=#00FF00>----------[ Spanish Club v2.2]----------</color></size>

<size=35><color=#FF8D00> Optimizacion de Meshes:</color></size>Muchos objetos dinamicos en el mundo tenian alto poligonaje por que se repiten, esto ocacionaba que por vista tengan entre 100k aa 400k poligonos, lo que ocaciona LAG, se han reducido drasticamente esos numeros entre 1k a 10k poligonos por vista, se reducieron los poligonos de varios objetos y se añadieron LOD de bajo poligonaje.

<color=#7E7E7E>- Notas del creador -
Pronto se modificara la zona de bodas, cambiara a ser una zona de bar en la playa, la zona de boda se movera a otro lado al costado del cerro.
Updated: 02/03/24
<color=#00FF00>------------------------------------------</color>

<size=45><color=#00FF00>----------[ Spanish Club v2.19]----------</color></size>

<size=35><color=#FF8D00> Mejora de Zona:</color></size>Se mejoro la zona de la casa del arbol, patrocinio de PROXRAZIEN, pronto se expandira la zona de BODA.
<size=35><color=#FF8D00> Nueva Zona:</color></size>Se expandio la casa de Taylor_20, ahora el segundo piso es mas grande aun.
<size=35><color=#FF8D00> Bloqueo de portales:</color></size>Se bloqueo el drop de portales por seguridad.

<color=#7E7E7E>- Notas del creador -
Pronto se expandira la zona de bodas, cambiara a ser una zona de bar en la playa, la zona de boda se movera a otro lado al costado del cerro.
Updated: 01/03/24
<color=#00FF00>------------------------------------------</color>

<size=45><color=#00FF00>----------[ Spanish Club v2.18]----------</color></size>

<size=35><color=#FF8D00> Nueva Zona:</color></size>Se construyo la zona de Maii22, una cabaña en el monte, entrada restringida.
<size=35><color=#FF8D00> Update a Zona secreta:</color></size>Se actualizaron zonas secretas a pedido del patrocinador.
<size=35><color=#FF8D00> Boton eliminado:</color></size>Se elimino el boton para hacer desaparecer los edificios, no tenia una utilidad resaltante, ocasionaba bugs visuales.

<color=#7E7E7E>- Notas del creador -
Hola.
Updated: 23/02/24
<color=#00FF00>------------------------------------------</color>

<size=45><color=#00FF00>----------[ Spanish Club v2.17]----------</color></size>

<size=35><color=#FF8D00> Nueva Zona:</color></size>Se construyo la zona de los ChikisTrikis, con videoplayer, zona de DJ, billar y espejos.
<size=35><color=#FF8D00> Mejoras en el codigo:</color></size>Se mejoro parte de la seguridad del codigo para vips y personal.

<color=#7E7E7E>- Notas del creador -
Gracias a los nuevos Partners y a los que apoyan a que este comunidad siga en pie, muchas gracias a todos, proximamente se añadiran mensajes globales.
Updated: 21/02/24
<color=#00FF00>------------------------------------------</color>

<size=45><color=#00FF00>----------[ Spanish Club v2.16]----------</color></size>

<size=35><color=#FF8D00> Sorteo:</color></size>Se añadio un sistema global para el sorteo del 16/02/24
<size=35><color=#FF8D00> Cambio de ruta de las imagenes remotas:</color></size>Se cambio la ruta de las imagenes remotas dentro de nuestro servidor para no tenerlo tan desordenado.
<size=35><color=#FF8D00> Update de sonidos:</color></size>Se actualizo los archivos de sonido de los VIPs.

<color=#7E7E7E>- Notas del creador -
Gracias por participar en el sorteo. 
Updated: 15/02/24
<color=#00FF00>------------------------------------------</color>

<size=45><color=#00FF00>----------[ Spanish Club v2.16]----------</color></size>

<size=35><color=#FF8D00> Se optimizo:</color></size>Se Optimizo luces dynamicas activas por error.
<size=35><color=#FF8D00> Collares y tenazas:</color></size>Se pusieron nuevamente activas por defecto estos dos elemetos para los vips, esto se decidio mediante una botacion en el discord.
<size=35><color=#FF8D00> Habitaciones privadas:</color></size>Se configuro las habitaciones privadas para que el audio solamente suene en zonas privadas.
<size=35><color=#FF8D00> Cabaña de venado Habilitada:</color></size>Se habilito el acceso libre a la zona de arriba de la cabaña de Venado.

<color=#7E7E7E>- Notas del creador -
Espero que spanish club haya mejorado su rendimiento, todos son bienvenidos.
<color=#00FF00>------------------------------------------</color>

<size=45><color=#00FF00>----------[ Spanish Club v2.15]----------</color></size>

<size=35><color=#FF8D00> Cambiar SkyBox [Vips]:</color></size>Ahora los vips y rangos superiores podran cambiar el skybox del mundo desde el panel VIP que se encuentra en el spawn.
<size=35><color=#FF8D00> Cambiar Calidad del agua [Vips]:</color></size>Todos los vips y rangos superiores podran cambiar la calidad del agua de spanish club.
<size=35><color=#FF8D00> Cambio de iconos [Vips]:</color></size>Se a cambiado el icono de activacion de los collares y la tenaza para que se vea mucho mas atractivo y facil de entender visualmente.
<size=35><color=#FF8D00> Toggle de la lluvia [Vips]:</color></size>Se coloco un toggle para activar la lluvia en spanish club.
<size=35><color=#FF8D00> Decoracion en la cueva [Vips]:</color></size>Se añadio decoracion a la habitacion superior de taylor en la cueva.
<size=35><color=#FF8D00> Sonidos de vips [Vips]:</color></size>Se añadieron y actualizaron algunos sonidos de entrada de algunos vips nuevos.
<size=35><color=#FF8D00> Flecha de señalacion [Vips]:</color></size>Flecha para señalar cosas puntuales, añadi esto para indicar visualmente donde estan las cosas y menus de spanish club.

<color=#7E7E7E>- Notas del creador -
Abrimos una encuesta en discord, la pregunta es: ¿Quieres que los collares, las manos para agarrar y las tenazas vuelvan a estar activados por defecto? Va ganando a 52 si y 21 que no.
Los collares activados volveran.
<color=#00FF00>------------------------------------------</color>

<size=45><color=#00FF00>----------[ Spanish Club v2.14]----------</color></size>

<size=35><color=#FF8D00> Perks de VIPs:</color></size>Los perks de vips como collares y tenazas se han puesto en OFF por default.
<size=35><color=#FF8D00> Dirigible:</color></size> Se añadio publicidad del dirigible del opening de la placita.

<color=#7E7E7E>- Notas del creador -
Atencion a todos!!!
<color=#00FF00>------------------------------------------</color>

<size=45><color=#00FF00>----------[ Spanish Club v2.13]----------</color></size>

<size=35><color=#FF8D00> Zona Vips mejorada:</color></size>Se a mejorado la zona de vips, ahora es una pequeña isla alejada del ruido de la ciudad con FPS Boost.
<size=35><color=#FF8D00> Optimizacion:</color></size>Se Mejoro en un 10% la optimizacion del mundo, se crearon zonas especiales para el boost de FPS como en la cueva de Taylor.
<size=35><color=#FF8D00> Elminado Pickups:</color></size>Algunos pickups se eliminaron por temas de optimizacion como la silla de hawkins, los salvavidas, etc...
<size=35><color=#FF8D00> Zona vip mejorada:</color></size>Se creo el interior de la zona vip con 2 espejos, tambien tiene puerta para ingresar a la zona vip exclusiva.
<size=35><color=#FF8D00> Taytanic cambiado de posicion:</color></size>Se acerco el barco de taylor a la isla, ahora es mas facil ingresar.
<size=35><color=#FF8D00> Cueva de Taylor ampliada:</color></size>Se esta creando la zona del segundo piso en la cueva de Taylor, en el futuro se añadira decoracion.

<color=#7E7E7E>- Notas del creador -
Atencion a todos los vips, en nuestro canal de discord podran encontrar una seccion donde podran ver videos exclusivos. Algunas zonas del spanish club como la cueva de taylor_20 y el area vip aun estan en construccion.</color>
<color=#00FF00>------------------------------------------</color>

<size=45><color=#00FF00>----------[ Spanish Club v2.12]----------</color></size>

<size=35><color=#FF8D00> Se creo el edificio Zona Vips:</color></size>Se creo una zona especial para los vips.
<size=35><color=#FF8D00> Los collares se ocultaron:</color></size> Se ocultaron los collares, ahora se activaran desde el pequeño panel en la mesa redonda.
<size=35><color=#FF8D00> Se añadieron 2 rangos mas.</color></size> Se añadio los rangos Donador y Partner+

<color=#7E7E7E>- Notas del creador -
Gracias por su apoyo.</color>
<color=#00FF00>------------------------------------------</color>

<size=45><color=#00FF00>----------[ Spanish Club v2.11]----------</color></size>

<size=35><color=#FF8D00> Portal del Nether:</color></size>Se añadio un portal del nether para la cueva de Taylor.
<size=35><color=#FF8D00> Cuarto vip:</color></size>Se añadio una habitacion secreta para los vips, aun esta en construccion, se aceptan sugerencias.
<size=35><color=#FF8D00> Correccion de codigo:</color></size>Se corrigieron varias lineas de codigo corruptas en el sistema principal que afectaban la activacion de habilidades para ciertos tiers.
<size=35><color=#FF8D00> Muñequitos añadidos:</color></size>Se añadio muñequitos para Leemoncita y PROXRAZIEN

<color=#7E7E7E>- Notas del creador -
La sala vip aun esta en construcción, acepto sugerencias, cambios y mejoras.</color>
<color=#00FF00>------------------------------------------</color>

<size=45><color=#00FF00>----------[ Spanish Club v2.10]----------</color></size>

<size=35><color=#FF8D00> Reorganizado de Carteles:</color></size>Se reorganizo algunos carteles para mas slots para vips.
<size=35><color=#FF8D00> Collar de perros:</color></size>Se añadio la opcion de toggle en los collares de perro.
<size=35><color=#FF8D00> Bugs de espejos:</color></size>Se arreglo el bug en algunos espejos.
<size=35><color=#FF8D00> Zona secreta:</color></size>Se añadio una zona secreta (En construccion)

<color=#7E7E7E>- Notas del creador -
Gracias a los nuevos vips y donadores.</color>
<color=#00FF00>------------------------------------------</color>

<size=45><color=#00FF00>----------[ Spanish Club v2.9]----------</color></size>

<size=35><color=#FF8D00> Nuevo Spawn:</color></size>Se hizo un rework al Spawn, amplio y azul.
<size=35><color=#FF8D00> Bug de los collares:</color></size>Se arreglo el bug que tenian lo collares, ahora todos podran jalar de la soga, pero solo los vips podran ponertelo en el cuello.
<size=35><color=#FF8D00> Mas espacios para vips:</color></size>Ahora hay mas espacios para los nuevos vips.

<color=#7E7E7E>- Notas del creador -
Gracias a los nuevos vips !!!</color>
<color=#00FF00>------------------------------------------</color>

<size=45><color=#00FF00>----------[ Spanish Club v2.8]----------</color></size>

<size=35><color=#FF8D00> Taylor Ship:</color></size>Se a añadido nuevas cosas en el yate de nuestro patrocinador Taylor, una barra, un reproductor de video nuevo en la proa, se actualizaron la posision de algunas fotos dentro y su patrocinadora.
<size=35><color=#FF8D00> Papitas:</color></size>Añadi papitas comestibles en la mesa del parque, cuidado de comer muchas porque podrias atorarte, go go go go.
<size=35><color=#FF8D00> Bebidas en el Yate:</color></size>Licor en el yate interactivo.

<color=#7E7E7E>- Notas del creador -
Pasenla bien...</color>
<color=#00FF00>------------------------------------------</color>

<size=45><color=#00FF00>----------[ Spanish Club v2.7]----------</color></size>

<size=35><color=#FF8D00> Vip bugs:</color></size>Se arreglo el bug de cuando un vip entraba y no le cargaba sus perks.
<size=35><color=#FF8D00> Zona actualizada:</color></size>Se añadio la zona de venado.
<size=35><color=#FF8D00> Zona añadida:</color></size>Tienda de cocos añadida.
<size=35><color=#FF8D00> Nuevo Pickup:</color></size>Se añadio una silla de ruedas en la isla.
<size=35><color=#FF8D00> Collares para perros:</color></size>Collares para vips, los vips pueden colocar los collares y todos podran usarlo.
<size=35><color=#FF8D00> Espejo del Spawn:</color></size>Se mejoro el espejo del spawn y ahora tiene todas las opciones visuales.
<size=35><color=#FF8D00> Nuevos espejos:</color></size>Se mejoraron los espejos a una version con una UI moderna.
<size=35><color=#FF8D00> Correccion de bugs:</color></size>Se arreglo espejo dañado en la zona de la cueva, se quito la colision a los cocos, se arreglo el bug visual en la luna de mrsjars.

<size=35><color=#FF8D00> ACTUALIZACION DE REGLAMENTO:</color></size>Ahora solo los moderadores podrán moderar en instancias del grupo Spanish Club y de HyperNutts (Creador - Owner) No nos responsabilizamos los acontecimientos inusitados en otras instancias que no sean las nuestras oficiales, insistimos en que todos entren a instancias oficiales del grupo Spanish Club o HyperNutts.

<color=#7E7E7E>- Notas del creador -
Lo siento...</color>
<color=#00FF00>------------------------------------------</color>

<size=45><color=#00FF00>----------[ Spanish Club v2.6]----------</color></size>

<size=35><color=#FF8D00> Nuevo sistema:</color></size>En resumen... se actualizo muchas cosas del spanish...

<color=#7E7E7E>- Notas del creador -
Un cambio profundo con nuevas cosas bien piolas.</color>
<color=#00FF00>------------------------------------------</color>

<size=45><color=#00FF00>----------[ Spanish Club v2.5 ]----------</color></size>

<size=35><color=#FF8D00>Modo Normal:</color></size>Halloween finalizado, se regreso el mundo a su forma original.
<size=35><color=#FF8D00>Cambio de texturas:</color></size>Se cambiaron algunas texturas por otras nuevas para que se asemeje un poco mas 'real' y tenga un mejor aspecto.
<size=35><color=#FF8D00>Respawn de Pickups:</color></size>Ahora los Pickups respawnean cada 3 minutos, de ese modo se evita un cochinero de pickups desparramados por el Spanish Club.
<size=35><color=#FF8D00>LightMap reducido:</color></size>Se a reducido el tamaño del lightmap a 1024 pixeles para mejorar la optimizacion del mundo.
<size=35><color=#FF8D00>Decimate de objetos:</color></size>Algunos de mis props del mundo se les ah hecho una reducción de polígonos a mas de la mitad para optimizar el mundo. Ahora hay menos de 90k poligonos por vista, esto incrementa los FPS y da paso a tener mayor cantidad de usuarios con avatares muy mal optimizados.
<size=35><color=#FF8D00>Zona DJ:</color></size>Se añadio la Zona DJ para que los que tengan acceso a aquella zona puedan interactuar con la gente.

<color=#7E7E7E>- Notas del creador -
El spawn tendrá un cambio de diseño de interior, pensamos en añadir mejor contenido al mundo por que ustedes se lo merecen.</color>
<color=#00FF00>------------------------------------------</color>

<size=45><color=#00FF00>----------[ Spanish Club v2.4 ]----------</color></size>

<size=35><color=#FF8D00>Nuevos vips:</color></size>Se añadieron nuevos vips al spanish club, bienvenidos sean.
<size=35><color=#FF8D00>Nuevos anuncios:</color></size>Nuevos patrocinadores al spanish club.
<size=35><color=#FF8D00>Corona Identificadora:</color></size>Ahora podras diferenciar al staff con una corona en la cabeza, también los vips tendran esta peculiaridad, de este modo podras saber quien es que en el spanish club.
<size=35><color=#FF8D00>Dakimakuras:</color></size>Se añadieron las dakimakuras al spanish club, solo para VIP+.

<color=#7E7E7E>- Notas del creador -
Pronto habra algo nuevo en el spanish club, preparense...</color>
<color=#00FF00>------------------------------------------</color>

<size=45><color=#00FF00>----------[ Spanish Club v2.3 ]----------</color></size>

<size=35><color=#FF8D00>Actualizacion de VIPS:</color></size>Se actualizo la manera de como se gestionan a los vips.
<size=35><color=#FF8D00>Nuevos anuncios:</color></size>Se pusieron nuevos anuncios y vips.

<color=#7E7E7E>- Notas del creador -
Se van a modificar algunas cosas para los vips, como poner dakimakuras en vez de peluches por temas de optimizacion.</color>
<color=#00FF00>------------------------------------------</color>

<size=45><color=#00FF00>----------[ Spanish Club v2.2 ]----------</color></size>

<size=35><color=#FF8D00>Actualizacion de Halloween:</color></size>Se a actualizado el mapa para la tematica de halloween.

<color=#7E7E7E>- Notas del creador -
Nuevas actualizaciones pronto...</color>
<color=#00FF00>------------------------------------------</color>

<size=45><color=#00FF00>----------[ Spanish Club v2.15 ]----------</color></size>

<size=35><color=#FF8D00>Actualizado menu de carga:</color></size>Se actualizo el menu de carga de recursos.
<size=35><color=#FF8D00>Se creo un MOTD:</color></size>"Mensaje of the Day" Te da un mensaje aleatorio cada vez que ingresas al Spanish Club.
<size=35><color=#FF8D00>Se actualizo anuncios:</color></size>Anuncios actualizados, damos la bienvenida a los nuevos patrocinadores del spanish club

<color=#7E7E7E>- Notas del creador -
Damos la bienvenida a nuestra nueva patrocinadora y los vips que gracias a su ayuda seguiremos agregando nuevas cosas al Spanish Club.</color>
<color=#00FF00>------------------------------------------</color>

<size=45><color=#00FF00>----------[ Spanish Club v2.14 ]----------</color></size>

<size=35><color=#FF8D00>Nuevo menú de carga:</color></size>Se a creado un creado un menu en la esquina inferior derecha de la pantalla para saber que recursos se estan cargando en el mundo, informacion visual.
<size=35><color=#FF8D00>Arreglado el cartelito de baneos:</color></size>Se subio la calidad de la textura del cartel de baneos.
<size=35><color=#FF8D00>Botella que gira arreglada:</color></size>Se creo otro script que hace girar la botella en la zona de chupitos de los Nine's Comunity.

<color=#7E7E7E>- Notas del creador -
Damos la bienvenida a nuestro nuevo patrocinador Nine's Community, quienes estaran a cargo de la zona superior del avatar shop.</color>
<color=#00FF00>------------------------------------------</color>

<size=45><color=#00FF00>----------[ Spanish Club v2.13 ]----------</color></size>

<size=35><color=#FF8D00>Espacios nuevos:</color></size>Se a añadido espacios nuevos de convivencia, cerca de la cueva y encima del avatar shop
<size=35><color=#FF8D00>Carteles de publicidad:</color></size>Se actualizaron carteles publicitarios y se añadieron unos mas.
<size=35><color=#FF8D00>Problemas tecnicos solucionados:</color></size>Se actualizo el script de administracion para solucionar algunos problemas tecnicos.

<color=#7E7E7E>- Notas del creador -
Damos la bienvenida a nuestro nuevo patrocinador Nine's Community, quienes estaran a cargo de la zona superior del avatar shop.</color>
<color=#00FF00>------------------------------------------</color>

<size=45><color=#00FF00>----------[ Spanish Club v2.12.1 ]----------</color></size>

<size=35><color=#FF8D00>Bug del faro:</color></size>Se arreglo el bug del faro, se hizo una animacion para que gire correctamente.
<size=35><color=#FF8D00>Se optimizo las texturas:</color></size>Se comprimio las texturas y el mundo disminuyo 100Kb.

<color=#7E7E7E>- Notas del creador -
Hola!</color>
<color=#00FF00>------------------------------------------</color>

<size=45><color=#00FF00>----------[ Spanish Club v2.12.0 ]----------</color></size>

<size=35><color=#FF8D00>Nuevo faro instalado:</color></size>Se añadio el legendario faro, creado por Dispera, diseñador 3D que apoya al spanish club. Discord de contacto para comisiones: .dispera Muchas gracias bro por el diseño del faro, quedo mamalon.
<size=35><color=#FF8D00>Actualizacion de los carteles de patrocinadores:</color></size>Se añadio 2 carteles nuevos de patrocinadores.
<size=35><color=#FF8D00>Se añadio 2 carteles vips:</color></size>Bienvenido a los nuevos vips del spanish club, felicitaciones!!!

<color=#7E7E7E>- Notas del creador -
Amigos, amigas gracias una vez mas por el apoyo, quiero agradecer a los nuevos patrocinadores del spanish club, una fraternal bienvenida.</color>
<color=#00FF00>------------------------------------------</color>

<size=45><color=#00FF00>----------[ Spanish Club v2.11.0 ]----------</color></size>

<size=35><color=#FF8D00>Zona de arte y cafe Actualizada:</color></size>Se actualizo nuevamente el club de arte y cafe con imagenes del patrocinador.
<size=35><color=#FF8D00>Zona de aislamiento creada:</color></size>Se a creado una zona de aislamiento temporal o permanente a todo aquel que inclumpla con las reglas de la comunidad.
<size=35><color=#FF8D00>Nuevo Moderador:</color></size>Se a añadido a un nuevo moderador al spanish club, bienvenido Mephiston.

<color=#7E7E7E>- Notas del creador -
Ya no suelo poner el log de actualizacion del spanish club ya que se que nadie lo lee, pero en caso alguien haya leido esto le doy mi agradecimiento ya que le presta atencion a las actualizaciones del mapa, hace un par de meses se empezo con la construccion del spanish club 2, mendiante este log doy anuncio de que pronto estara a su disposicion el Spanish Club 2, super renovado con la mejor calidad y cariño que pongo a mis proyectos, aunque un poco lento el desarrollo pero va en buen camino, espero su apoyo a todos.</color>
<color=#00FF00>------------------------------------------</color>

<size=45><color=#00FF00>----------[ Spanish Club v2.10.0 ]----------</color></size>

<size=35><color=#FF8D00>Zona de arte y cafe Actualizada:</color></size>Se actualizo visualmente esa area añadiento imagenes, objetos y cosas nuevas para mayor conformidad.
<size=35><color=#FF8D00>Pizarra en el spawn:</color></size>Se añadio una pizarra en el spanish club, aqui se muestra todos los vips, boosters de discord y patreons.
<size=35><color=#FF8D00>Mejora visual:</color></size>Se mejoro la textura de iluminacion del spanish club.
<size=35><color=#FF8D00>Casa de la isla abierta:</color></size>Se a abierto la casa de la isla, esta casa esta en venta.

<color=#7E7E7E>- Notas del creador -
Ya constamos con patreon para realizar donaciones y tener una mension especial en el pizarron del spanish club.</color>
<color=#00FF00>------------------------------------------</color>

<size=45><color=#00FF00>----------[ Spanish Club v2.9.0 ]----------</color></size>

<size=35><color=#FF8D00>Actualizacion de posters:</color></size>Se agregaron y quitaron algunos posters de publicidad ya que entraron y salieron patrocinadores del spanish club.
<size=35><color=#FF8D00>Solucionado bugs:</color></size>Varios bugs del mundo fueron parchados.
<size=35><color=#FF8D00>Videoplayer arreglado:</color></size>Solucionado el problema del video reproductor.
<size=35><color=#FF8D00>Muñecos nuevos:</color></size>Se agrego y quito algunos muñecos de algunos vips que salieron y entraron.
<size=35><color=#FF8D00>Postres en la cafeteria:</color></size>Agregado postres, bebidas en la cafetería para interactuar, rolear y jugar.
<size=35><color=#FF8D00>Bandera de Perú:</color></size>Añadí personalmente la bandera del Perú por fiestas patrias y sus 202 años de independencia, VIVA EL PERU CARAJO!!!. Orgulloso de ser peruano.

<color=#7E7E7E>- Notas del creador -
Un saludo a todos los peruanos y peruanas de vrchat felices fiestas patrias, gracias a los patrocinadores nuevos espero disfruten del spanish club, gracias a los vips y personas que apoyan al mantenimiento del spanish club.</color>
<color=#00FF00>------------------------------------------</color>

<size=45><color=#00FF00>----------[ Spanish Club v2.8.0 ]----------</color></size>

<size=35><color=#FF8D00>Se actualizo anuncios:</color></size>Cambio de anuncios: Se actualizo imágenes de posters remotos.
<size=35><color=#FF8D00>Cambio de posiciones:</color></size>Se cambio de posición de algunos anuncios..
<size=35><color=#FF8D00>Nuevos puestos de avatares:</color></size>Se puso 2 puestos mas de avatares ahora hay +40 avatares.
<size=35><color=#FF8D00>Nueva zona Cohete:</color></size>Se creo una pequeña zona para el cohete.
<size=35><color=#FF8D00>Cohete cercano:</color></size>Se trajo al cohete a la isla principal, ahora podrás ir con 1 click.
<size=35><color=#FF8D00>Plomito Cave:</color></size>Se añadió el letrero a la cueva de plomito.
<size=35><color=#FF8D00>Pickups toggle:</color></size>Ahora se puede activar y desactivar el toggle de los pickups.
<size=35><color=#FF8D00>Eliminado las películas:</color></size>Se elimino temporalmente la lista de películas.
<size=35><color=#FF8D00>Eliminado de sombrillas:</color></size>Se elimino las sombrillas de la playa.
<size=35><color=#FF8D00>Textura RGB-A del terreno:</color></size>Se a creado una nueva textura RGB-A para el terreno.
<size=35><color=#FF8D00>Bakeado de luces:</color></size>Nuevo bakeado de luces por cambios del mundo.

<color=#7E7E7E>- Notas del creador -
Espero que estas actualizaciones sean de su agrado, se seguirá trabajando en el mantenimiento del mundo gracias a los patrocinadores y vips del mundo, gracias a ellos podemos continuar con el mantenimiento del Spanish Club!!!.</color>
<color=#00FF00>------------------------------------------</color>

<size=45><color=#00FF00>----------[ Spanish Club v2.7.0 ]----------</color></size>

<size=35><color=#FF8D00>Actualización de posters: </color></size>: Se actualizo imágenes de posters remotos y links.
<size=35><color=#FF8D00>Películas en el spawn</color></size>: Se agregaron películas en el spawn para que todos puedan verlo.
<size=35><color=#FF8D00>Entrada a la cueva de plomito</color></size>: Se puso un anuncio que la cueva es de plomito.
<size=35><color=#FF8D00>Bakeado de Lightmap</color></size>: Se actualizo el Lightmap del mapa con nuevos elementos.
<size=35><color=#FF8D00>Sistema de baneo actualizado</color></size>: Se actualizo el sistema de baneo permanente.

<color=#7E7E7E>- Notas del creador -
Proximamente mas actualizaciones</color>
<color=#00FF00>------------------------------------------</color>

<size=45><color=#00FF00>----------[ Spanish Club v2.6.0 ]----------</color></size>

<size=35><color=#FF8D00>Correccion de algunos posters: </color></size>: Se a cambiado algunos links de imagenes antiguos.
<size=35><color=#FF8D00>Se agrego un full screen al videoplayer del spawn</color></size>: Ahora con esta opcion podras ver los videos en full screen, simplemente arrastra la esfera roja a tu cabeza y miralo todo en HD y full resolucion. Para usuarios de VR simplemente pon tu camara de bolsillo dentro de la esfera y tu pantalla principal tendra el videoplayer a full screen.
<color=#7E7E7E>- Notas del creador -
Sigo trabajando en el cohete, espero no decepcionarlos con la nueva funcion...</color>

<color=#00FF00>------------------------------------------</color>

<size=45><color=#00FF00>----------[ Spanish Club v2.5.0 ]----------</color></size>

<size=35><color=#FF8D00>Mejora de la carga de imagenes: </color></size>: Se a mejorado la carga de imagenes para que de ese modo no tenga que renderizar todos los reflection probes una vez cargada una imagen, se renderiza todos los reflejos una vez finalizado toda la carga completa de imagenes.
<size=35><color=#FF8D00>Se agrego cambio de resolucion de reflection probes</color></size>: Se a añadido una funcion nueva en el menu de opciones del mapa para poder dimensionar y cambiar la calidad de los reflejos del mapa desde los 16 pixeles que es la calidad mas baja, hasta los 1024pixeles que es una calidad muy alta. Recuerda, mientras mas baja sea la calidad se vera mas feo el reflejo pero aumentaran los fps.
<size=35><color=#FF8D00>Cambios menores visuales</color></size>: Visualmente se añadieron unos cuantos reflection probes en algunas zonas para que los avatares se vean mejor. En una de las islas se subio un poco el terreno para que los barcos puedan subirse y acceder al cohete con normalidad.
<color=#7E7E7E>- Notas del creador -
Proximamente se habilitara el cohete con una nueva funcion de navegacion mientras viajas a la luna.</color>

<color=#00FF00>------------------------------------------</color>

<size=45><color=#00FF00>----------[ Spanish Club v2.4.0 ]----------</color></size>

<size=35><color=#FF8D00>Mejora de nivel de seguridad del script</color></size>: Se a modificado parte del codigo del mapa para poder proteger a los usuarios y vips de los hackers y se realizo algunos cambios adicionales para los vips.
<size=35><color=#FF8D00>Se modifico la calidad del audio</color></size>: Se comprimio la calidad del audio de algunos clips para mejorar el peso del mapa.
<color=#7E7E7E>- Notas del creador -
Eh estado viendo el mundo y parece que hay muchos clientes modificados que rompen el mapa y activan opciones para que todos vuelen o aparezcan y desaparezcan cosas, eh mejorado el nivel de protección del mundo para evitar esos desastres y tengan una mejor experiencia dentro del mundo.</color>

<color=#00FF00>------------------------------------------</color>

<size=45><color=#00FF00>----------[ Spanish Club v2.3.0 ]----------</color></size>

<size=35><color=#FF8D00>Cambios:</color></size>

<size=30><color=#FF8D00>Se añadió isla nueva para Keinth</color></size>
<size=30><color=#FF8D00>Se actualizó lista de baneados</color></size>
<size=30><color=#FF8D00>Se hicieron cambios en los UVMap del terreno</color></size>
<size=30><color=#FF8D00>Se actualizó casa de Arte</color></size>
<size=30><color=#FF8D00>Se cambió de SkyBox a uno más Ligero</color></size>
<size=30><color=#FF8D00>Se actualizó TP a la luna mediante el cohete con 1 click</color></size>
<size=30><color=#FF8D00>Se corrigieron errores de código</color></size>
<size=30><color=#FF8D00>Actualizado para quest 2</color></size>
<color=#7E7E7E>- Notas del creador -
Agradecemos sinceramente a los patrocinadores y a todos los que ayudan a mantener el proyecto siempre activo y actualizado. Esperamos que disfruten de las nuevas características y mejoras. Su apoyo y participación son vitales para el crecimiento de nuestra comunidad. ¡Gracias!.</color>

<color=#00FF00>------------------------------------------</color>

<size=45><color=#00FF00>----------[ Spanish Club v2.2.0 ]----------</color></size>

<size=35><color=#FF8D00>Actualización del sistema de disparo</color></size>: Se han realizado cambios en el sistema de disparo para mejorar su funcionamiento y ofrecer una experiencia de juego más fluida y precisa.
<size=35><color=#FF8D00>Actualización en la recolección de pickups</color></size>: A partir de ahora, solo los usuarios VIP podrán recoger los pickups disponibles en el mundo, lo que añade un nuevo nivel de exclusividad y recompensa para nuestros jugadores más dedicados.
<size=35><color=#FF8D00>Nueva exhibición de arte</color></size>: Hemos agregado una zona dedicada al arte, donde podrás apreciar una selección de obras impresionantes. Sumérgete en la creatividad y disfruta de este nuevo espacio inspirador.
<size=35><color=#FF8D00>Cambio de diseño del piso en la zona de arte</color></size>: Hemos renovado por completo el diseño del piso en la zona de arte para brindarte una experiencia visualmente impactante y coherente con la temática artística del lugar.
<size=35><color=#FF8D00>Nuevas publicidades</color></size>: Hemos incorporado anuncios frescos y emocionantes en diferentes áreas del mundo, lo que te permitirá estar al tanto de las últimas novedades y descubrir productos y servicios interesantes.
<size=35><color=#FF8D00>Aceptación de reglas al inicio</color></size>: Hemos agregado un anuncio al principio del juego que te invitará a leer y aceptar nuestras reglas. Esto garantiza un ambiente seguro y respetuoso para todos los jugadores.
<size=35><color=#FF8D00>Sistema de administración y moderación</color></size>: Hemos implementado un sistema dedicado a la administración y moderación del mundo, lo que nos permitirá brindarte un entorno justo y libre de comportamientos inapropiados.
<size=35><color=#FF8D00>Mejora en los shaders de video</color></size>: Hemos actualizado los shaders de video utilizados en los reproductores para ofrecerte una calidad visual mejorada y efectos más impresionantes durante la reproducción de contenido multimedia.
<size=35><color=#FF8D00>Modo de pantalla grande en el reproductor de video de la cueva</color></size>: Ahora puedes disfrutar de una opción para ver el contenido multimedia en pantalla grande dentro del reproductor de video ubicado en la cueva. Sumérgete en tus videos favoritos con una experiencia más inmersiva.
<size=35><color=#FF8D00>Optimización del atlas de texturas</color></size>: Hemos optimizado el atlas de texturas del mundo para acomodar las nuevas texturas añadidas, lo que mejora el rendimiento general y la carga de elementos visuales en el juego.

<color=#7E7E7E>- Notas del creador -
Queremos expresar nuestro sincero agradecimiento a los patrocinadores del Spanish Club y a todos los usuarios VIP. Esperamos de todo corazón que se respeten las reglas y que podamos formar una comunidad sólida basada en el respeto mutuo. Su apoyo y participación son fundamentales para construir un entorno positivo y enriquecedor para todos. ¡Gracias!.</color>

<color=#00FF00>------------------------------------------</color>

<size=45><color=#00FF00>----------[ Spanish Club v2.1.0 ]----------</color></size>

<size=35><color=#FF8D00>Se añadieron los muñecos VIP</color></size>: Se han incluido nuevos muñecos exclusivos para los usuarios VIP, ofreciendo una opción adicional de personalización.

<size=35><color=#FF8D00>Se añadió el muñeco para francisco23</color></size>: Se ha creado un muñeco especial personalizado para el usuario francisco23, brindando una experiencia única para él.

<size=35><color=#FF8D00>Se agregó el QR del grupo de Discord del Spanish Club</color></size>: Se ha incluido un código QR en el mundo que te dirige al grupo de Discord del Spanish Club, permitiéndote unirte y participar en la comunidad.

<size=35><color=#FF8D00>Se modificó el script principal</color></size>: El script principal ha sido actualizado y modificado, mejorando la funcionalidad y corrigiendo posibles errores.

<size=35><color=#FF8D00>Se cambió la fuente y errores de texto</color></size>: Se ha cambiado la fuente utilizada en el mundo, ofreciendo una apariencia visual diferente, y se han corregido errores de texto para mejorar la legibilidad y la experiencia de juego.

<color=#7E7E7E>- Notas del creador -
Gracias a los vips y a los patrocinadores del Spanish Club, ya que nos ayudan a mantener actualizado el mundo y brindarles el mejor contenido de VRChat.</color>

<color=#00FF00>------------------------------------------</color>

<size=45><color=#00FF00>----------[ Spanish Club v2.0.0 ]----------</color></size>

<size=35><color=#FF8D00>Reboot del mundo</color></size>
<size=20> Se realizó una renovación completa del mundo para brindar una experiencia aún más inmersiva y emocionante.</size>

<size=35><color=#FF8D00>Mejoras en el sistema de lanzamiento de fuegos artificiales</color></size>
<size=20>Se implementó un nuevo sistema que ofrece efectos visuales impresionantes y mayor interactividad al disparar fuegos artificiales.</size>

<size=35><color=#FF8D00>Nuevo modelo de lanza fuegos artificiales</color></size>
<size=20>El lanza fuegos artificiales ha sido rediseñado como una bazuka, brindando una apariencia única y emocionante.</size>

<size=35><color=#FF8D00>Innovaciones en el sistema de pistolas de agua</color></size>
<size=20>Se han introducido mejoras en el sistema de pistolas de agua, ofreciendo una experiencia de juego más divertida y dinámica.</size>

<size=35><color=#FF8D00>Actualización del modelo del panel de espejo</color></size>
<size=20>El panel de espejo ha sido renovado con un nuevo y atractivo diseño, mejorando la estética y la funcionalidad.</size>

<size=35><color=#FF8D00>Mejoras en el control del espejo</color></size>
<size=20>Se implementó un nuevo sistema de control para el espejo, permitiendo un ajuste más preciso y personalizado.</size>

<size=35><color=#FF8D00>Nuevo menú informativo</color></size>
<size=20>Ahora puedes acceder a un completo menú donde encontrarás información detallada sobre el mundo, características para los usuarios VIP y otros contenidos relevantes.</size>

<size=35><color=#FF8D00>Retexturizado de modelos seleccionados</color></size>
<size=20>Se ha realizado un retexturizado en algunos modelos, mejorando la calidad visual y los detalles.</size>

<size=35><color=#FF8D00>Implementación de un nuevo atlas de texturas a 2K</color></size>
<size=20>Se ha actualizado el atlas de texturas para optimizar el rendimiento y brindar una mayor calidad gráfica.
</size>
<size=35><color=#FF8D00>Remoción y reemplazo de barcos</color></size>
<size=20>Los barcos anteriores han sido reemplazados por nuevos modelos, ofreciendo una experiencia renovada en las zonas acuáticas del mundo.</size>
<size=35><color=#FF8D00>Actualización de posters VIP</color></size>
<size=20>Se han actualizado los posters VIP con diseños frescos y emocionantes, resaltando la importancia de los usuarios VIP en el mundo.</size>

<size=35><color=#FF8D00>Nueva adición de un camino detrás del spawn para acceder a un bote</color></size>
<size=20>Se ha añadido un camino adicional detrás del área de inicio, proporcionando una nueva ruta para subirse a un bote y explorar el mundo desde una perspectiva única.</size>

<size=35><color=#FF8D00>Expansión del Avatar Shop</color></size>
<size=20>El Avatar Shop ha sido ampliado y ahora cuenta con un segundo piso, ofreciendo aún más opciones y variedad para personalizar tu avatar.</size>

<color=#7E7E7E>- Notas del creador -
Quiero expresar mi profundo agradecimiento al público presente por su continua gratitud y apoyo a lo largo de los años. Desde nuestro inicio en 2018, han sido ustedes quienes nos han acompañado y preferido, y por eso les damos una cálida bienvenida una vez más. Además, quiero extender un agradecimiento especial a nuestros valiosos VIP y a los generosos patrocinadores del mundo. Su contribución nos permite mantener el mundo constantemente actualizado con nuevo y emocionante contenido. Su apoyo incondicional es fundamental para nuestro crecimiento y éxito, y les estoy sinceramente agradecido. ¡Seguimos comprometidos en ofrecerles la mejor experiencia posible en el Spanish Club v2.0.0!.</color>

<color=#00FF00>------------------------------------------</color>
